<?xml version="1.0" encoding="UTF-8"?>
<!-- Generated by org.testng.reporters.JUnitXMLReporter -->
<testsuite ignored="0" hostname="Musharraf-PC" failures="0" tests="2" name="Test NG with Cucumber" time="3.868" errors="0" timestamp="2025-03-31T12:31:35 EDT">
  <testcase classname="io.cucumber.testng.AbstractTestNGCucumberTests" name="runScenario" time="1.813"/>
  <testcase classname="io.cucumber.testng.AbstractTestNGCucumberTests" name="runScenario" time="1.456"/>
</testsuite> <!-- Test NG with Cucumber -->
