<?xml version="1.0" encoding="UTF-8"?>
<testng-results ignored="0" total="2" passed="2" failed="0" skipped="0">
  <reporter-output>
  </reporter-output>
  <suite started-at="2025-03-31T12:31:31 EDT" name="All Test Suite" finished-at="2025-03-31T12:31:35 EDT" duration-ms="3868">
    <groups>
      <group name="cucumber">
        <method signature="AbstractTestNGCucumberTests.runScenario(io.cucumber.testng.PickleWrapper,io.cucumber.testng.FeatureWrapper)[pri:0, instance:Runners.MyRunner@4313f5bc]" name="runScenario" class="io.cucumber.testng.AbstractTestNGCucumberTests"/>
      </group> <!-- cucumber -->
    </groups>
    <test started-at="2025-03-31T12:31:31 EDT" name="Test NG with Cucumber" finished-at="2025-03-31T12:31:35 EDT" duration-ms="3868">
      <class name="Runners.MyRunner">
        <test-method is-config="true" signature="setUpClass(org.testng.ITestContext)[pri:0, instance:Runners.MyRunner@4313f5bc]" started-at="2025-03-31T12:31:31 EDT" name="setUpClass" finished-at="2025-03-31T12:31:32 EDT" duration-ms="409" status="PASS">
          <params>
            <param index="0">
              <value>
                <![CDATA[org.testng.TestRunner@1549bba7]]>
              </value>
            </param>
          </params>
          <reporter-output>
          </reporter-output>
        </test-method> <!-- setUpClass -->
        <test-method signature="runScenario(io.cucumber.testng.PickleWrapper,io.cucumber.testng.FeatureWrapper)[pri:0, instance:Runners.MyRunner@4313f5bc]" started-at="2025-03-31T12:31:32 EDT" name="runScenario" description="Runs Cucumber Scenarios" data-provider="scenarios" finished-at="2025-03-31T12:31:34 EDT" duration-ms="1813" status="PASS">
          <params>
            <param index="0">
              <value>
                <![CDATA["User should be able to login with valid username and password."]]>
              </value>
            </param>
            <param index="1">
              <value>
                <![CDATA["This file contains Logiin scenarios"]]>
              </value>
            </param>
          </params>
          <reporter-output>
          </reporter-output>
        </test-method> <!-- runScenario -->
        <test-method signature="runScenario(io.cucumber.testng.PickleWrapper,io.cucumber.testng.FeatureWrapper)[pri:0, instance:Runners.MyRunner@4313f5bc]" started-at="2025-03-31T12:31:34 EDT" name="runScenario" description="Runs Cucumber Scenarios" data-provider="scenarios" finished-at="2025-03-31T12:31:35 EDT" duration-ms="1456" status="PASS">
          <params>
            <param index="0">
              <value>
                <![CDATA["User should be able to login with valid username and password."]]>
              </value>
            </param>
            <param index="1">
              <value>
                <![CDATA["This file contains Logiin scenarios"]]>
              </value>
            </param>
          </params>
          <reporter-output>
          </reporter-output>
        </test-method> <!-- runScenario -->
        <test-method is-config="true" signature="tearDownClass()[pri:0, instance:Runners.MyRunner@4313f5bc]" started-at="2025-03-31T12:31:35 EDT" name="tearDownClass" finished-at="2025-03-31T12:31:35 EDT" duration-ms="164" status="PASS">
          <reporter-output>
          </reporter-output>
        </test-method> <!-- tearDownClass -->
      </class> <!-- Runners.MyRunner -->
    </test> <!-- Test NG with Cucumber -->
  </suite> <!-- All Test Suite -->
</testng-results>
